2025-11-11T15:08:11.942154800Z | booking f39ea95a-ef30-404b-9279-e048ba73ed88 | user=votka@gmail.com | package=Cox's Bazar Getaway | persons=1 | total=15999.00 | id=12349876 | name=swarlok samadder
2025-11-12T18:38:11.113916600Z | booking 6b8011de-0708-48e4-99ee-a4abec0a5a82 | user=a@gmail.com | package=Bandarban Hills Escape | persons=3 | total=38997.00 | id=null | name=null
2025-11-12T18:44:51.298781Z | booking b1d7345e-0684-4106-b833-a2158571ee01 | user=a@gmail.com | package=Cox's Bazar Getaway | persons=1 | total=15999.00 | id=5893275327489 | name=fsdfa
2025-11-12T20:19:22.662056500Z | booking a45c4bd9-2d0e-4cee-b7c2-a3ee6cc64b13 | user=a@gmail.com | package=SWARLOK'S HOUSE TOUR | persons=2 | total=200000.00 | id=5893275327489 | name=fsdfa
2025-11-13T05:31:38.469589710Z | booking 6b587d7e-5f31-4292-841b-20cec0918029 | user=leomessi@messi.com | package=SWARLOK'S HOUSE TOUR | persons=10 | total=1000000.00 | id=198912345678 | name=Lionel Andreas Messi Cuccittini
2025-11-13T05:41:15.878559359Z | booking 9500466e-f988-4994-b6e0-f22e47c95763 | user=leomessi@messi.com | package=Marvelous Barishal | persons=5 | total=2500.00 | id=198912345678 | name=Lionel Andreas Messi Cuccittini
2025-11-21T09:02:01.513688200Z | booking 34a4c2de-7b49-4321-93ba-f873d5b56142 | user=f@k.com | package=Bandarban Hills Escape | persons=2 | total=25998.00 | id=1321321 | name=fasf
2025-11-21T16:53:47.440688500Z | booking 35161664-4198-4797-a99e-d8a334816590 | user=f@k.com | package=Bandarban Hills Escape | persons=1 | total=12999.00 | id=1321321 | name=fasf
2025-11-21T16:53:50.198408800Z | booking b672d105-6898-4142-8a30-02938dde793b | user=f@k.com | package=Bandarban Hills Escape | persons=1 | total=12999.00 | id=1321321 | name=fasf
2025-11-21T20:19:42.477607900Z | booking fcabbf89-f896-4831-80dc-dfcfecd0009b | user=f@k.com | package=Sajek Valley Cloud Experience | persons=2 | total=19998.00 | id=1321321 | name=fasf
2025-11-21T20:33:59.786412700Z | booking c7227a51-cff6-4b1f-9bb1-f554e5e085b6 | user=f@k.com | package=Rangamati Lake & Hills Escape | persons=2 | total=19000.00 | id=1321321 | name=fasf
2025-11-21T21:08:44.773859800Z | booking 591349f1-97ea-43fb-9a84-5e482c55ea3c | user=f@k.com | package=Cox's Bazar Getaway | persons=1 | total=4999.00 | id=1321321 | name=fasf
2025-11-24T11:50:59.556900800Z | booking d74a3bb8-270b-4d21-96db-1de9da2397ae | user=f@k.com | package=Sajek Valley Cloud Experience | persons=2 | total=19998.00 | id=1321321 | name=fasf
2025-12-03T11:32:05.539803863Z | booking 9621d591-8869-4a20-93fd-684f6ec7049b | user=f@k.com | package=Bandarban Hills Escape | persons=4 | total=43996.00 | id=1321321 | name=fasf
2025-12-03T11:44:10.872285314Z | booking e858fa39-4432-43c1-b20d-26a1b90c765d | user=f@k.com | package=SREEMANGAL TEA GARDEN TOUR | persons=4 | total=35996.00 | id=1321321 | name=fasf
2025-12-05T17:29:05.422845182Z | booking d8f795a7-d52f-44e9-a882-ea68f5b262cd | user=a@s.com | package=Bandarban Hills Escape | persons=4 | total=43996.00 | id=3726576327 | name=TAYLER DURDEN
2025-12-05T18:12:53.411994193Z | booking 7b1caad9-e44a-4b86-863d-6b702c6cc390 | user=lol@gmail.com | package=Rangamati Lake & Hills Escape | persons=3 | total=28500.00 | id=21412324324 | name=ddd
2025-12-05T18:13:47.269672597Z | booking d0d08050-8345-4ff5-a4dc-9c178698224d | user=lol@gmail.com | package=SREEMANGAL TEA GARDEN TOUR | persons=2 | total=17998.00 | id=21412324324 | name=ddd
2025-12-06T17:02:56.939519521Z | booking 02449083-e2be-44d3-bd01-daed7ff2ae66 | user=f@k.com | package=Rangamati Lake & Hills Escape | persons=3 | total=28500.00 | id=1321321 | name=fasf
2025-12-06T18:32:17.394703595Z | booking 4636bc32-59bf-46f4-bcac-d78b7af6353d | user=f@k.com | package=Cox's Bazar Getaway | persons=2 | total=9998.00 | id=1321321 | name=fasf
2025-12-06T19:50:23.852566447Z | booking f4c70da2-69e1-4eb2-90e8-897b8e51ed5b | user=f@k.com | package=SREEMANGAL TEA GARDEN TOUR | persons=2 | total=17998.00 | id=1321321 | name=fasf
2025-12-06T20:21:30.762571151Z | booking d69ac5a4-ad6a-462e-89db-dfdc2e605df2 | user=f@k.com | package=Cox's Bazar Getaway | persons=2 | total=9998.00 | id=1321321 | name=fasf
2025-12-06T20:24:47.419398449Z | booking 6bdc5187-b2b6-4c5b-828f-9566f46ccbe0 | user=s@k.com | package=Bandarban Hills Escape | persons=2 | total=21998.00 | id=43284832202 | name=afasd
2025-12-06T20:27:05.804960010Z | booking 0f61b658-d5fb-44b7-a7ca-d2814a746ef3 | user=s@k.com | package=Sajek Valley Cloud Experience | persons=1 | total=9999.00 | id=43284832202 | name=afasd
2025-12-06T20:28:12.971612417Z | booking 2837142e-71ba-40c6-a4bb-7139abe6a7d8 | user=s@k.com | package=Sajek Valley Cloud Experience | persons=2 | total=19998.00 | id=43284832202 | name=afasd
2025-12-06T20:38:58.199315782Z | booking 5df7c796-2c39-4aa1-b9d7-60c16e5fc0ee | user=f@k.com | package=SREEMANGAL TEA GARDEN TOUR | persons=2 | total=17998.00 | id=1321321 | name=fasf
2025-12-07T06:20:22.221484720Z | booking cc3cf188-d678-43e2-be44-b9da6864d3da | user=s@k.com | package=SREEMANGAL TEA GARDEN TOUR | persons=1 | total=8999.00 | id=43284832202 | name=afasd
2025-12-08T10:00:05.339751858Z | booking 55447adb-8bd8-495e-a779-fde9c65f739f | user=s@k.com | package=Bandarban Hills Escape | persons=1 | total=10999.00 | id=43284832202 | name=afasd
2025-12-08T10:00:46.538724746Z | booking 7de39b18-8527-4571-a163-487d6bc2c736 | user=s@k.com | package=Cox's Bazar Getaway | persons=1 | total=4999.00 | id=43284832202 | name=afasd
